
 ⛅️ wrangler 4.71.0
───────────────────
✨ Compiled Worker successfully
✨ Parsed 6 valid header rules.
Using secrets defined in .dev.vars
Your Worker has access to the following bindings:
Binding                                                                   Resource                  Mode
env.DB (euro-songbook-db)                                                 D1 Database               local
env.CF_PAGES ("1")                                                        Environment Variable      local
env.CF_PAGES_BRANCH ("main")                                              Environment Variable      local
env.CF_PAGES_COMMIT_SHA ("84ac0c30202e55c162cd50b517fd5134fc1ee...")      Environment Variable      local
env.CF_PAGES_URL ("https://84ac0c3.euro-songbook.pages.dev")              Environment Variable      local
env.JWT_SECRET ("(hidden)")                                               Environment Variable      local
env.SETUP_TOKEN ("(hidden)")                                              Environment Variable      local
env.ENABLE_SETUP ("(hidden)")                                             Environment Variable      local
env.SUPER_ADMIN_EMAIL ("sintagmatarches@gmail.com")                       Environment Variable      local

⎔ Starting local server...
[wrangler:info] Ready on http://127.0.0.1:8788
[wrangler:info] GET /api/health 200 OK (39ms)
[wrangler:info] POST /api/setup 200 OK (312ms)
[wrangler:info] GET /api/me 200 OK (14ms)
[wrangler:info] GET / 200 OK (20ms)
[wrangler:info] GET /ui/assets/logo-sticker-20260221.png 200 OK (19ms)
[wrangler:info] GET /app.css 200 OK (24ms)
[wrangler:info] GET /app.js 200 OK (27ms)
[wrangler:info] GET /ui/assets/pwa-icon-192-20260221.png 200 OK (29ms)
[wrangler:info] GET /ui/assets/ussr-hero.jpg 200 OK (50ms)
[wrangler:info] GET /picture/AdobeStock_479740218.jpeg 200 OK (81ms)
[wrangler:info] GET /ui/assets/drafts-stack-icon.png 200 OK (85ms)
[wrangler:info] GET /ui/api.js 200 OK (89ms)
[wrangler:info] GET /ui/state.js 200 OK (64ms)
[wrangler:info] GET /ui/i18n.js 200 OK (70ms)
[wrangler:info] GET /shared/song-catalogs.js 200 OK (64ms)
[wrangler:info] GET /ui/render.js 200 OK (109ms)
[wrangler:info] GET /ui/router.js 200 OK (106ms)
[wrangler:info] GET /shared/admin-permissions.js 200 OK (72ms)
[wrangler:info] GET /shared/lyrics-confidence.js 200 OK (74ms)
[wrangler:info] GET /api/me 200 OK (13ms)
[wrangler:info] GET /api/admin/requests 200 OK (19ms)
[wrangler:info] GET /api/admin/requests 200 OK (18ms)
[wrangler:info] GET /picture/phone_wallpaper.jpg 200 OK (141ms)
[wrangler:info] GET /ui/assets/favicon-32-20260302.png 200 OK (7ms)
